<?xml version="1.0" encoding="UTF-8"?>
<!-- Generated by org.testng.reporters.JUnitReportReporter -->
<testsuite hostname="JEET" failures="0" tests="1" name="EC_Positive_TestCase.TC001_AccessToken" time="20.556" errors="0" timestamp="2023-02-03T17:39:32 IST" skipped="0">
  <testcase classname="EC_Positive_TestCase.TC001_AccessToken" name="getAccessToken" time="20.556"/>
  <system-out/>
</testsuite> <!-- EC_Positive_TestCase.TC001_AccessToken -->
